<?xml version="1.0" encoding="UTF-8"?>
<testsuite xmlns:xsi="http://www.w3.org/2001/XMLSchema-instance" xsi:noNamespaceSchemaLocation="https://maven.apache.org/surefire/maven-surefire-plugin/xsd/surefire-test-report.xsd" name="com.lucasmks.AppTest" time="0.102" tests="3" errors="0" skipped="0" failures="0">
  <properties>
[...]
</properties>
  <testcase name="testCountOccurrencesSimple" classname="com.lucasmks.AppTest" time="0.008"/>
  <testcase name="testFetchUrlInvalidUrl" classname="com.lucasmks.AppTest" time="0.063"/>
  <testcase name="testCountOccurrencesNotFound" classname="com.lucasmks.AppTest" time="0.001"/>
</testsuite>